<?xml version="1.0" encoding="UTF-8"?>
<testng-results skipped="0" failed="0" ignored="0" total="1" passed="1">
  <reporter-output>
  </reporter-output>
  <suite name="Default suite" duration-ms="22" started-at="2022-08-05T04:24:27Z" finished-at="2022-08-05T04:24:27Z">
    <groups>
    </groups>
    <test name="Default test" duration-ms="22" started-at="2022-08-05T04:24:27Z" finished-at="2022-08-05T04:24:27Z">
      <class name="BDD_Runner.BDD_GetRunner">
        <test-method status="PASS" signature="f()[pri:0, instance:BDD_Runner.BDD_GetRunner@50d0686]" name="f" duration-ms="6" started-at="2022-08-05T09:54:27Z" finished-at="2022-08-05T09:54:27Z">
          <reporter-output>
          </reporter-output>
        </test-method> <!-- f -->
      </class> <!-- BDD_Runner.BDD_GetRunner -->
    </test> <!-- Default test -->
  </suite> <!-- Default suite -->
</testng-results>
